Analysis & Synthesis report for Deco_mas_Flip_Flop_Sumador
Sat Mar 25 17:25:51 2023
Quartus Prime Version 22.1std.0 Build 915 10/25/2022 SC Lite Edition


---------------------
; Table of Contents ;
---------------------
  1. Legal Notice
  2. Analysis & Synthesis Summary
  3. Analysis & Synthesis Settings
  4. Parallel Compilation
  5. Analysis & Synthesis Messages



----------------
; Legal Notice ;
----------------
Copyright (C) 2022  Intel Corporation. All rights reserved.
Your use of Intel Corporation's design tools, logic functions 
and other software and tools, and any partner logic 
functions, and any output files from any of the foregoing 
(including device programming or simulation files), and any 
associated documentation or information are expressly subject 
to the terms and conditions of the Intel Program License 
Subscription Agreement, the Intel Quartus Prime License Agreement,
the Intel FPGA IP License Agreement, or other applicable license
agreement, including, without limitation, that your use is for
the sole purpose of programming logic devices manufactured by
Intel and sold by Intel or its authorized distributors.  Please
refer to the applicable agreement for further details, at
https://fpgasoftware.intel.com/eula.



+-------------------------------------------------------------------------------------+
; Analysis & Synthesis Summary                                                        ;
+------------------------------------+------------------------------------------------+
; Analysis & Synthesis Status        ; Failed - Sat Mar 25 17:25:51 2023              ;
; Quartus Prime Version              ; 22.1std.0 Build 915 10/25/2022 SC Lite Edition ;
; Revision Name                      ; Deco_mas_Flip_Flop_Sumador                     ;
; Top-level Entity Name              ; Deco_mas_Flip_Flop_Sumador                     ;
; Family                             ; MAX 10                                         ;
; Total logic elements               ; N/A until Partition Merge                      ;
;     Total combinational functions  ; N/A until Partition Merge                      ;
;     Dedicated logic registers      ; N/A until Partition Merge                      ;
; Total registers                    ; N/A until Partition Merge                      ;
; Total pins                         ; N/A until Partition Merge                      ;
; Total virtual pins                 ; N/A until Partition Merge                      ;
; Total memory bits                  ; N/A until Partition Merge                      ;
; Embedded Multiplier 9-bit elements ; N/A until Partition Merge                      ;
; Total PLLs                         ; N/A until Partition Merge                      ;
; UFM blocks                         ; N/A until Partition Merge                      ;
; ADC blocks                         ; N/A until Partition Merge                      ;
+------------------------------------+------------------------------------------------+


+----------------------------------------------------------------------------------------------------------------------------+
; Analysis & Synthesis Settings                                                                                              ;
+------------------------------------------------------------------+----------------------------+----------------------------+
; Option                                                           ; Setting                    ; Default Value              ;
+------------------------------------------------------------------+----------------------------+----------------------------+
; Device                                                           ; 10M50DAF484C7G             ;                            ;
; Top-level entity name                                            ; Deco_mas_Flip_Flop_Sumador ; Deco_mas_Flip_Flop_Sumador ;
; Family name                                                      ; MAX 10                     ; Cyclone V                  ;
; Use smart compilation                                            ; Off                        ; Off                        ;
; Enable parallel Assembler and Timing Analyzer during compilation ; On                         ; On                         ;
; Enable compact report table                                      ; Off                        ; Off                        ;
; Restructure Multiplexers                                         ; Auto                       ; Auto                       ;
; Create Debugging Nodes for IP Cores                              ; Off                        ; Off                        ;
; Preserve fewer node names                                        ; On                         ; On                         ;
; Intel FPGA IP Evaluation Mode                                    ; Enable                     ; Enable                     ;
; Verilog Version                                                  ; Verilog_2001               ; Verilog_2001               ;
; VHDL Version                                                     ; VHDL_1993                  ; VHDL_1993                  ;
; State Machine Processing                                         ; Auto                       ; Auto                       ;
; Safe State Machine                                               ; Off                        ; Off                        ;
; Extract Verilog State Machines                                   ; On                         ; On                         ;
; Extract VHDL State Machines                                      ; On                         ; On                         ;
; Ignore Verilog initial constructs                                ; Off                        ; Off                        ;
; Iteration limit for constant Verilog loops                       ; 5000                       ; 5000                       ;
; Iteration limit for non-constant Verilog loops                   ; 250                        ; 250                        ;
; Add Pass-Through Logic to Inferred RAMs                          ; On                         ; On                         ;
; Infer RAMs from Raw Logic                                        ; On                         ; On                         ;
; Parallel Synthesis                                               ; On                         ; On                         ;
; DSP Block Balancing                                              ; Auto                       ; Auto                       ;
; NOT Gate Push-Back                                               ; On                         ; On                         ;
; Power-Up Don't Care                                              ; On                         ; On                         ;
; Remove Redundant Logic Cells                                     ; Off                        ; Off                        ;
; Remove Duplicate Registers                                       ; On                         ; On                         ;
; Ignore CARRY Buffers                                             ; Off                        ; Off                        ;
; Ignore CASCADE Buffers                                           ; Off                        ; Off                        ;
; Ignore GLOBAL Buffers                                            ; Off                        ; Off                        ;
; Ignore ROW GLOBAL Buffers                                        ; Off                        ; Off                        ;
; Ignore LCELL Buffers                                             ; Off                        ; Off                        ;
; Ignore SOFT Buffers                                              ; On                         ; On                         ;
; Limit AHDL Integers to 32 Bits                                   ; Off                        ; Off                        ;
; Optimization Technique                                           ; Balanced                   ; Balanced                   ;
; Carry Chain Length                                               ; 70                         ; 70                         ;
; Auto Carry Chains                                                ; On                         ; On                         ;
; Auto Open-Drain Pins                                             ; On                         ; On                         ;
; Perform WYSIWYG Primitive Resynthesis                            ; Off                        ; Off                        ;
; Auto ROM Replacement                                             ; On                         ; On                         ;
; Auto RAM Replacement                                             ; On                         ; On                         ;
; Auto DSP Block Replacement                                       ; On                         ; On                         ;
; Auto Shift Register Replacement                                  ; Auto                       ; Auto                       ;
; Allow Shift Register Merging across Hierarchies                  ; Auto                       ; Auto                       ;
; Auto Clock Enable Replacement                                    ; On                         ; On                         ;
; Strict RAM Replacement                                           ; Off                        ; Off                        ;
; Allow Synchronous Control Signals                                ; On                         ; On                         ;
; Force Use of Synchronous Clear Signals                           ; Off                        ; Off                        ;
; Auto RAM Block Balancing                                         ; On                         ; On                         ;
; Auto RAM to Logic Cell Conversion                                ; Off                        ; Off                        ;
; Auto Resource Sharing                                            ; Off                        ; Off                        ;
; Allow Any RAM Size For Recognition                               ; Off                        ; Off                        ;
; Allow Any ROM Size For Recognition                               ; Off                        ; Off                        ;
; Allow Any Shift Register Size For Recognition                    ; Off                        ; Off                        ;
; Use LogicLock Constraints during Resource Balancing              ; On                         ; On                         ;
; Ignore translate_off and synthesis_off directives                ; Off                        ; Off                        ;
; Timing-Driven Synthesis                                          ; On                         ; On                         ;
; Report Parameter Settings                                        ; On                         ; On                         ;
; Report Source Assignments                                        ; On                         ; On                         ;
; Report Connectivity Checks                                       ; On                         ; On                         ;
; Ignore Maximum Fan-Out Assignments                               ; Off                        ; Off                        ;
; Synchronization Register Chain Length                            ; 2                          ; 2                          ;
; Power Optimization During Synthesis                              ; Normal compilation         ; Normal compilation         ;
; HDL message level                                                ; Level2                     ; Level2                     ;
; Suppress Register Optimization Related Messages                  ; Off                        ; Off                        ;
; Number of Removed Registers Reported in Synthesis Report         ; 5000                       ; 5000                       ;
; Number of Swept Nodes Reported in Synthesis Report               ; 5000                       ; 5000                       ;
; Number of Inverted Registers Reported in Synthesis Report        ; 100                        ; 100                        ;
; Clock MUX Protection                                             ; On                         ; On                         ;
; Auto Gated Clock Conversion                                      ; Off                        ; Off                        ;
; Block Design Naming                                              ; Auto                       ; Auto                       ;
; SDC constraint protection                                        ; Off                        ; Off                        ;
; Synthesis Effort                                                 ; Auto                       ; Auto                       ;
; Shift Register Replacement - Allow Asynchronous Clear Signal     ; On                         ; On                         ;
; Pre-Mapping Resynthesis Optimization                             ; Off                        ; Off                        ;
; Analysis & Synthesis Message Level                               ; Medium                     ; Medium                     ;
; Disable Register Merging Across Hierarchies                      ; Auto                       ; Auto                       ;
; Resource Aware Inference For Block RAM                           ; On                         ; On                         ;
+------------------------------------------------------------------+----------------------------+----------------------------+


+------------------------------------------+
; Parallel Compilation                     ;
+----------------------------+-------------+
; Processors                 ; Number      ;
+----------------------------+-------------+
; Number detected on machine ; 16          ;
; Maximum allowed            ; 16          ;
;                            ;             ;
; Average used               ; 1.00        ;
; Maximum used               ; 1           ;
;                            ;             ;
; Usage by Processor         ; % Time Used ;
;     Processor 1            ; 100.0%      ;
+----------------------------+-------------+


+-------------------------------+
; Analysis & Synthesis Messages ;
+-------------------------------+
Info: *******************************************************************
Info: Running Quartus Prime Analysis & Synthesis
    Info: Version 22.1std.0 Build 915 10/25/2022 SC Lite Edition
    Info: Processing started: Sat Mar 25 17:25:45 2023
Info: Command: quartus_map --read_settings_files=on --write_settings_files=off Deco_mas_Flip_Flop_Sumador -c Deco_mas_Flip_Flop_Sumador
Warning (18236): Number of processors has not been specified which may cause overloading on shared machines.  Set the global assignment NUM_PARALLEL_PROCESSORS in your QSF to an appropriate value for best performance.
Info (20030): Parallel compilation is enabled and will use 16 of the 16 processors detected
Info (12021): Found 1 design units, including 1 entities, in source file /users/vivobook/desktop/arquitectura_procesadores/fun_lab02/decodificador_hex.v
    Info (12023): Found entity 1: decodificador_hex File: C:/Users/Vivobook/Desktop/Arquitectura_Procesadores/Fun_lab02/decodificador_hex.v Line: 1
Info (12021): Found 1 design units, including 1 entities, in source file /users/vivobook/desktop/arquitectura_procesadores/lab_03_nuevo/suma_mas_flipd/suma_mas_flipd.v
    Info (12023): Found entity 1: Suma_mas_FlipD File: C:/Users/Vivobook/Desktop/Arquitectura_Procesadores/Lab_03_nuevo/Suma_mas_FlipD/Suma_mas_FlipD.v Line: 1
Info (12021): Found 1 design units, including 1 entities, in source file deco_mas_flip_flop_sumador.v
    Info (12023): Found entity 1: Deco_mas_Flip_Flop_Sumador File: C:/Users/Vivobook/Desktop/Arquitectura_Procesadores/Lab_03_nuevo/Deco_mas_Flip_Flop_Sumador/Deco_mas_Flip_Flop_Sumador.v Line: 1
Warning (10236): Verilog HDL Implicit Net warning at Suma_mas_FlipD.v(52): created implicit net for "Qn0" File: C:/Users/Vivobook/Desktop/Arquitectura_Procesadores/Lab_03_nuevo/Suma_mas_FlipD/Suma_mas_FlipD.v Line: 52
Warning (10236): Verilog HDL Implicit Net warning at Suma_mas_FlipD.v(54): created implicit net for "Qn1" File: C:/Users/Vivobook/Desktop/Arquitectura_Procesadores/Lab_03_nuevo/Suma_mas_FlipD/Suma_mas_FlipD.v Line: 54
Info (12127): Elaborating entity "Deco_mas_Flip_Flop_Sumador" for the top level hierarchy
Warning (10034): Output port "Aout1" at Deco_mas_Flip_Flop_Sumador.v(15) has no driver File: C:/Users/Vivobook/Desktop/Arquitectura_Procesadores/Lab_03_nuevo/Deco_mas_Flip_Flop_Sumador/Deco_mas_Flip_Flop_Sumador.v Line: 15
Warning (10034): Output port "Bout1" at Deco_mas_Flip_Flop_Sumador.v(16) has no driver File: C:/Users/Vivobook/Desktop/Arquitectura_Procesadores/Lab_03_nuevo/Deco_mas_Flip_Flop_Sumador/Deco_mas_Flip_Flop_Sumador.v Line: 16
Warning (10034): Output port "Cout1" at Deco_mas_Flip_Flop_Sumador.v(17) has no driver File: C:/Users/Vivobook/Desktop/Arquitectura_Procesadores/Lab_03_nuevo/Deco_mas_Flip_Flop_Sumador/Deco_mas_Flip_Flop_Sumador.v Line: 17
Warning (10034): Output port "Dout1" at Deco_mas_Flip_Flop_Sumador.v(18) has no driver File: C:/Users/Vivobook/Desktop/Arquitectura_Procesadores/Lab_03_nuevo/Deco_mas_Flip_Flop_Sumador/Deco_mas_Flip_Flop_Sumador.v Line: 18
Warning (10034): Output port "Eout1" at Deco_mas_Flip_Flop_Sumador.v(19) has no driver File: C:/Users/Vivobook/Desktop/Arquitectura_Procesadores/Lab_03_nuevo/Deco_mas_Flip_Flop_Sumador/Deco_mas_Flip_Flop_Sumador.v Line: 19
Warning (10034): Output port "Fout1" at Deco_mas_Flip_Flop_Sumador.v(20) has no driver File: C:/Users/Vivobook/Desktop/Arquitectura_Procesadores/Lab_03_nuevo/Deco_mas_Flip_Flop_Sumador/Deco_mas_Flip_Flop_Sumador.v Line: 20
Warning (10034): Output port "Gout1" at Deco_mas_Flip_Flop_Sumador.v(24) has no driver File: C:/Users/Vivobook/Desktop/Arquitectura_Procesadores/Lab_03_nuevo/Deco_mas_Flip_Flop_Sumador/Deco_mas_Flip_Flop_Sumador.v Line: 24
Info (12128): Elaborating entity "Suma_mas_FlipD" for hierarchy "Suma_mas_FlipD:U0" File: C:/Users/Vivobook/Desktop/Arquitectura_Procesadores/Lab_03_nuevo/Deco_mas_Flip_Flop_Sumador/Deco_mas_Flip_Flop_Sumador.v Line: 35
Error (10207): Verilog HDL error at Suma_mas_FlipD.v(59): can't resolve reference to object "Qn0" File: C:/Users/Vivobook/Desktop/Arquitectura_Procesadores/Lab_03_nuevo/Suma_mas_FlipD/Suma_mas_FlipD.v Line: 59
Error (10207): Verilog HDL error at Suma_mas_FlipD.v(60): can't resolve reference to object "Qn0" File: C:/Users/Vivobook/Desktop/Arquitectura_Procesadores/Lab_03_nuevo/Suma_mas_FlipD/Suma_mas_FlipD.v Line: 60
Error (10207): Verilog HDL error at Suma_mas_FlipD.v(61): can't resolve reference to object "Qn0" File: C:/Users/Vivobook/Desktop/Arquitectura_Procesadores/Lab_03_nuevo/Suma_mas_FlipD/Suma_mas_FlipD.v Line: 61
Error (10207): Verilog HDL error at Suma_mas_FlipD.v(62): can't resolve reference to object "Qn0" File: C:/Users/Vivobook/Desktop/Arquitectura_Procesadores/Lab_03_nuevo/Suma_mas_FlipD/Suma_mas_FlipD.v Line: 62
Error (12152): Can't elaborate user hierarchy "Suma_mas_FlipD:U0" File: C:/Users/Vivobook/Desktop/Arquitectura_Procesadores/Lab_03_nuevo/Deco_mas_Flip_Flop_Sumador/Deco_mas_Flip_Flop_Sumador.v Line: 35
Error: Quartus Prime Analysis & Synthesis was unsuccessful. 5 errors, 10 warnings
    Error: Peak virtual memory: 4722 megabytes
    Error: Processing ended: Sat Mar 25 17:25:51 2023
    Error: Elapsed time: 00:00:06
    Error: Total CPU time (on all processors): 00:00:09


