Analysis & Synthesis report for Suma_mas_FlipD
Sat Mar 25 23:00:45 2023
Quartus Prime Version 22.1std.0 Build 915 10/25/2022 SC Lite Edition


---------------------
; Table of Contents ;
---------------------
  1. Legal Notice
  2. Analysis & Synthesis Summary
  3. Analysis & Synthesis Settings
  4. Parallel Compilation
  5. Analysis & Synthesis Source Files Read
  6. Analysis & Synthesis Resource Usage Summary
  7. Analysis & Synthesis Resource Utilization by Entity
  8. Registers Removed During Synthesis
  9. General Register Statistics
 10. Port Connectivity Checks: "decodificador_hex:U5"
 11. Port Connectivity Checks: "decodificador_hex:U3"
 12. Port Connectivity Checks: "Flip_Flop_D:U1"
 13. Post-Synthesis Netlist Statistics for Top Partition
 14. Elapsed Time Per Partition
 15. Analysis & Synthesis Messages



----------------
; Legal Notice ;
----------------
Copyright (C) 2022  Intel Corporation. All rights reserved.
Your use of Intel Corporation's design tools, logic functions 
and other software and tools, and any partner logic 
functions, and any output files from any of the foregoing 
(including device programming or simulation files), and any 
associated documentation or information are expressly subject 
to the terms and conditions of the Intel Program License 
Subscription Agreement, the Intel Quartus Prime License Agreement,
the Intel FPGA IP License Agreement, or other applicable license
agreement, including, without limitation, that your use is for
the sole purpose of programming logic devices manufactured by
Intel and sold by Intel or its authorized distributors.  Please
refer to the applicable agreement for further details, at
https://fpgasoftware.intel.com/eula.



+-------------------------------------------------------------------------------------+
; Analysis & Synthesis Summary                                                        ;
+------------------------------------+------------------------------------------------+
; Analysis & Synthesis Status        ; Successful - Sat Mar 25 23:00:45 2023          ;
; Quartus Prime Version              ; 22.1std.0 Build 915 10/25/2022 SC Lite Edition ;
; Revision Name                      ; Suma_mas_FlipD                                 ;
; Top-level Entity Name              ; main                                           ;
; Family                             ; MAX 10                                         ;
; Total logic elements               ; 11                                             ;
;     Total combinational functions  ; 11                                             ;
;     Dedicated logic registers      ; 4                                              ;
; Total registers                    ; 4                                              ;
; Total pins                         ; 37                                             ;
; Total virtual pins                 ; 0                                              ;
; Total memory bits                  ; 0                                              ;
; Embedded Multiplier 9-bit elements ; 0                                              ;
; Total PLLs                         ; 0                                              ;
; UFM blocks                         ; 0                                              ;
; ADC blocks                         ; 0                                              ;
+------------------------------------+------------------------------------------------+


+------------------------------------------------------------------------------------------------------------+
; Analysis & Synthesis Settings                                                                              ;
+------------------------------------------------------------------+--------------------+--------------------+
; Option                                                           ; Setting            ; Default Value      ;
+------------------------------------------------------------------+--------------------+--------------------+
; Device                                                           ; 10M50DAF484C7G     ;                    ;
; Top-level entity name                                            ; main               ; Suma_mas_FlipD     ;
; Family name                                                      ; MAX 10             ; Cyclone V          ;
; Use smart compilation                                            ; Off                ; Off                ;
; Enable parallel Assembler and Timing Analyzer during compilation ; On                 ; On                 ;
; Enable compact report table                                      ; Off                ; Off                ;
; Restructure Multiplexers                                         ; Auto               ; Auto               ;
; Create Debugging Nodes for IP Cores                              ; Off                ; Off                ;
; Preserve fewer node names                                        ; On                 ; On                 ;
; Intel FPGA IP Evaluation Mode                                    ; Enable             ; Enable             ;
; Verilog Version                                                  ; Verilog_2001       ; Verilog_2001       ;
; VHDL Version                                                     ; VHDL_1993          ; VHDL_1993          ;
; State Machine Processing                                         ; Auto               ; Auto               ;
; Safe State Machine                                               ; Off                ; Off                ;
; Extract Verilog State Machines                                   ; On                 ; On                 ;
; Extract VHDL State Machines                                      ; On                 ; On                 ;
; Ignore Verilog initial constructs                                ; Off                ; Off                ;
; Iteration limit for constant Verilog loops                       ; 5000               ; 5000               ;
; Iteration limit for non-constant Verilog loops                   ; 250                ; 250                ;
; Add Pass-Through Logic to Inferred RAMs                          ; On                 ; On                 ;
; Infer RAMs from Raw Logic                                        ; On                 ; On                 ;
; Parallel Synthesis                                               ; On                 ; On                 ;
; DSP Block Balancing                                              ; Auto               ; Auto               ;
; NOT Gate Push-Back                                               ; On                 ; On                 ;
; Power-Up Don't Care                                              ; On                 ; On                 ;
; Remove Redundant Logic Cells                                     ; Off                ; Off                ;
; Remove Duplicate Registers                                       ; On                 ; On                 ;
; Ignore CARRY Buffers                                             ; Off                ; Off                ;
; Ignore CASCADE Buffers                                           ; Off                ; Off                ;
; Ignore GLOBAL Buffers                                            ; Off                ; Off                ;
; Ignore ROW GLOBAL Buffers                                        ; Off                ; Off                ;
; Ignore LCELL Buffers                                             ; Off                ; Off                ;
; Ignore SOFT Buffers                                              ; On                 ; On                 ;
; Limit AHDL Integers to 32 Bits                                   ; Off                ; Off                ;
; Optimization Technique                                           ; Balanced           ; Balanced           ;
; Carry Chain Length                                               ; 70                 ; 70                 ;
; Auto Carry Chains                                                ; On                 ; On                 ;
; Auto Open-Drain Pins                                             ; On                 ; On                 ;
; Perform WYSIWYG Primitive Resynthesis                            ; Off                ; Off                ;
; Auto ROM Replacement                                             ; On                 ; On                 ;
; Auto RAM Replacement                                             ; On                 ; On                 ;
; Auto DSP Block Replacement                                       ; On                 ; On                 ;
; Auto Shift Register Replacement                                  ; Auto               ; Auto               ;
; Allow Shift Register Merging across Hierarchies                  ; Auto               ; Auto               ;
; Auto Clock Enable Replacement                                    ; On                 ; On                 ;
; Strict RAM Replacement                                           ; Off                ; Off                ;
; Allow Synchronous Control Signals                                ; On                 ; On                 ;
; Force Use of Synchronous Clear Signals                           ; Off                ; Off                ;
; Auto RAM Block Balancing                                         ; On                 ; On                 ;
; Auto RAM to Logic Cell Conversion                                ; Off                ; Off                ;
; Auto Resource Sharing                                            ; Off                ; Off                ;
; Allow Any RAM Size For Recognition                               ; Off                ; Off                ;
; Allow Any ROM Size For Recognition                               ; Off                ; Off                ;
; Allow Any Shift Register Size For Recognition                    ; Off                ; Off                ;
; Use LogicLock Constraints during Resource Balancing              ; On                 ; On                 ;
; Ignore translate_off and synthesis_off directives                ; Off                ; Off                ;
; Timing-Driven Synthesis                                          ; On                 ; On                 ;
; Report Parameter Settings                                        ; On                 ; On                 ;
; Report Source Assignments                                        ; On                 ; On                 ;
; Report Connectivity Checks                                       ; On                 ; On                 ;
; Ignore Maximum Fan-Out Assignments                               ; Off                ; Off                ;
; Synchronization Register Chain Length                            ; 2                  ; 2                  ;
; Power Optimization During Synthesis                              ; Normal compilation ; Normal compilation ;
; HDL message level                                                ; Level2             ; Level2             ;
; Suppress Register Optimization Related Messages                  ; Off                ; Off                ;
; Number of Removed Registers Reported in Synthesis Report         ; 5000               ; 5000               ;
; Number of Swept Nodes Reported in Synthesis Report               ; 5000               ; 5000               ;
; Number of Inverted Registers Reported in Synthesis Report        ; 100                ; 100                ;
; Clock MUX Protection                                             ; On                 ; On                 ;
; Auto Gated Clock Conversion                                      ; Off                ; Off                ;
; Block Design Naming                                              ; Auto               ; Auto               ;
; SDC constraint protection                                        ; Off                ; Off                ;
; Synthesis Effort                                                 ; Auto               ; Auto               ;
; Shift Register Replacement - Allow Asynchronous Clear Signal     ; On                 ; On                 ;
; Pre-Mapping Resynthesis Optimization                             ; Off                ; Off                ;
; Analysis & Synthesis Message Level                               ; Medium             ; Medium             ;
; Disable Register Merging Across Hierarchies                      ; Auto               ; Auto               ;
; Resource Aware Inference For Block RAM                           ; On                 ; On                 ;
+------------------------------------------------------------------+--------------------+--------------------+


+------------------------------------------+
; Parallel Compilation                     ;
+----------------------------+-------------+
; Processors                 ; Number      ;
+----------------------------+-------------+
; Number detected on machine ; 16          ;
; Maximum allowed            ; 16          ;
;                            ;             ;
; Average used               ; 1.00        ;
; Maximum used               ; 1           ;
;                            ;             ;
; Usage by Processor         ; % Time Used ;
;     Processor 1            ; 100.0%      ;
+----------------------------+-------------+


+-----------------------------------------------------------------------------------------------------------------------------------------------------------------------------------------------------------------------+
; Analysis & Synthesis Source Files Read                                                                                                                                                                                ;
+------------------------------------------+-----------------+------------------------+-----------------------------------------------------------------------------------------------------------------------+---------+
; File Name with User-Entered Path         ; Used in Netlist ; File Type              ; File Name with Absolute Path                                                                                          ; Library ;
+------------------------------------------+-----------------+------------------------+-----------------------------------------------------------------------------------------------------------------------+---------+
; ../../Laboratorio_02/decodificador_hex.v ; yes             ; User Verilog HDL File  ; C:/Users/Vivobook/Documents/UniEcci/Semestre/Semestre06/Arquitectura_GIT/Laboratorio_02/decodificador_hex.v           ;         ;
; ../Sumador_4bits/Sumador_4bits.v         ; yes             ; User Verilog HDL File  ; C:/Users/Vivobook/Documents/UniEcci/Semestre/Semestre06/Arquitectura_GIT/Laboratorio_03/Sumador_4bits/Sumador_4bits.v ;         ;
; ../Flip_Flop_D/Flip_Flop_D.v             ; yes             ; User Verilog HDL File  ; C:/Users/Vivobook/Documents/UniEcci/Semestre/Semestre06/Arquitectura_GIT/Laboratorio_03/Flip_Flop_D/Flip_Flop_D.v     ;         ;
; main.v                                   ; yes             ; User Verilog HDL File  ; C:/Users/Vivobook/Documents/UniEcci/Semestre/Semestre06/Arquitectura_GIT/Laboratorio_03/main/main.v                   ;         ;
+------------------------------------------+-----------------+------------------------+-----------------------------------------------------------------------------------------------------------------------+---------+


+--------------------------------------------------------------------+
; Analysis & Synthesis Resource Usage Summary                        ;
+---------------------------------------------+----------------------+
; Resource                                    ; Usage                ;
+---------------------------------------------+----------------------+
; Estimated Total logic elements              ; 11                   ;
;                                             ;                      ;
; Total combinational functions               ; 11                   ;
; Logic element usage by number of LUT inputs ;                      ;
;     -- 4 input functions                    ; 7                    ;
;     -- 3 input functions                    ; 3                    ;
;     -- <=2 input functions                  ; 1                    ;
;                                             ;                      ;
; Logic elements by mode                      ;                      ;
;     -- normal mode                          ; 8                    ;
;     -- arithmetic mode                      ; 3                    ;
;                                             ;                      ;
; Total registers                             ; 4                    ;
;     -- Dedicated logic registers            ; 4                    ;
;     -- I/O registers                        ; 0                    ;
;                                             ;                      ;
; I/O pins                                    ; 37                   ;
;                                             ;                      ;
; Embedded Multiplier 9-bit elements          ; 0                    ;
;                                             ;                      ;
; Maximum fan-out node                        ; Flip_Flop_D:U1|Q0[3] ;
; Maximum fan-out                             ; 7                    ;
; Total fan-out                               ; 98                   ;
; Average fan-out                             ; 1.10                 ;
+---------------------------------------------+----------------------+


+-------------------------------------------------------------------------------------------------------------------------------------------------------------------------------------------------------------------------------------------------+
; Analysis & Synthesis Resource Utilization by Entity                                                                                                                                                                                             ;
+----------------------------+---------------------+---------------------------+-------------+------------+--------------+---------+-----------+------+--------------+------------+----------------------------+-------------------+--------------+
; Compilation Hierarchy Node ; Combinational ALUTs ; Dedicated Logic Registers ; Memory Bits ; UFM Blocks ; DSP Elements ; DSP 9x9 ; DSP 18x18 ; Pins ; Virtual Pins ; ADC blocks ; Full Hierarchy Name        ; Entity Name       ; Library Name ;
+----------------------------+---------------------+---------------------------+-------------+------------+--------------+---------+-----------+------+--------------+------------+----------------------------+-------------------+--------------+
; |main                      ; 11 (0)              ; 4 (0)                     ; 0           ; 0          ; 0            ; 0       ; 0         ; 37   ; 0            ; 0          ; |main                      ; main              ; work         ;
;    |Flip_Flop_D:U1|        ; 4 (4)               ; 4 (4)                     ; 0           ; 0          ; 0            ; 0       ; 0         ; 0    ; 0            ; 0          ; |main|Flip_Flop_D:U1       ; Flip_Flop_D       ; work         ;
;    |decodificador_hex:U2|  ; 7 (7)               ; 0 (0)                     ; 0           ; 0          ; 0            ; 0       ; 0         ; 0    ; 0            ; 0          ; |main|decodificador_hex:U2 ; decodificador_hex ; work         ;
+----------------------------+---------------------+---------------------------+-------------+------------+--------------+---------+-----------+------+--------------+------------+----------------------------+-------------------+--------------+
Note: For table entries with two numbers listed, the numbers in parentheses indicate the number of resources of the given type used by the specific entity alone. The numbers listed outside of parentheses indicate the total resources of the given type used by the specific entity and all of its sub-entities in the hierarchy.


+--------------------------------------------------------------------------------+
; Registers Removed During Synthesis                                             ;
+---------------------------------------+----------------------------------------+
; Register name                         ; Reason for Removal                     ;
+---------------------------------------+----------------------------------------+
; Flip_Flop_D:U1|Q1[4]                  ; Stuck at GND due to stuck port data_in ;
; Flip_Flop_D:U1|Q0[4]                  ; Stuck at GND due to stuck port data_in ;
; Flip_Flop_D:U1|Q1[0]                  ; Merged with Flip_Flop_D:U1|Q0[0]       ;
; Flip_Flop_D:U1|Q1[1]                  ; Merged with Flip_Flop_D:U1|Q0[1]       ;
; Flip_Flop_D:U1|Q1[2]                  ; Merged with Flip_Flop_D:U1|Q0[2]       ;
; Flip_Flop_D:U1|Q1[3]                  ; Merged with Flip_Flop_D:U1|Q0[3]       ;
; Total Number of Removed Registers = 6 ;                                        ;
+---------------------------------------+----------------------------------------+


+------------------------------------------------------+
; General Register Statistics                          ;
+----------------------------------------------+-------+
; Statistic                                    ; Value ;
+----------------------------------------------+-------+
; Total registers                              ; 4     ;
; Number of registers using Synchronous Clear  ; 0     ;
; Number of registers using Synchronous Load   ; 0     ;
; Number of registers using Asynchronous Clear ; 0     ;
; Number of registers using Asynchronous Load  ; 0     ;
; Number of registers using Clock Enable       ; 0     ;
; Number of registers using Preset             ; 0     ;
+----------------------------------------------+-------+


+--------------------------------------------------+
; Port Connectivity Checks: "decodificador_hex:U5" ;
+------+-------+----------+------------------------+
; Port ; Type  ; Severity ; Details                ;
+------+-------+----------+------------------------+
; B0   ; Input ; Info     ; Stuck at GND           ;
; C0   ; Input ; Info     ; Stuck at GND           ;
; D0   ; Input ; Info     ; Stuck at GND           ;
+------+-------+----------+------------------------+


+--------------------------------------------------+
; Port Connectivity Checks: "decodificador_hex:U3" ;
+------+-------+----------+------------------------+
; Port ; Type  ; Severity ; Details                ;
+------+-------+----------+------------------------+
; B0   ; Input ; Info     ; Stuck at GND           ;
; C0   ; Input ; Info     ; Stuck at GND           ;
; D0   ; Input ; Info     ; Stuck at GND           ;
+------+-------+----------+------------------------+


+-------------------------------------------------------------------------------------------------------------------------------------+
; Port Connectivity Checks: "Flip_Flop_D:U1"                                                                                          ;
+------+--------+----------+----------------------------------------------------------------------------------------------------------+
; Port ; Type   ; Severity ; Details                                                                                                  ;
+------+--------+----------+----------------------------------------------------------------------------------------------------------+
; Qn0  ; Output ; Warning  ; Declared by entity but not connected by instance. Logic that only feeds a dangling port will be removed. ;
; Qn1  ; Output ; Warning  ; Declared by entity but not connected by instance. Logic that only feeds a dangling port will be removed. ;
+------+--------+----------+----------------------------------------------------------------------------------------------------------+


+-----------------------------------------------------+
; Post-Synthesis Netlist Statistics for Top Partition ;
+-----------------------+-----------------------------+
; Type                  ; Count                       ;
+-----------------------+-----------------------------+
; boundary_port         ; 37                          ;
; cycloneiii_ff         ; 4                           ;
;     plain             ; 4                           ;
; cycloneiii_lcell_comb ; 14                          ;
;     arith             ; 3                           ;
;         3 data inputs ; 3                           ;
;     normal            ; 11                          ;
;         0 data inputs ; 2                           ;
;         1 data inputs ; 1                           ;
;         2 data inputs ; 1                           ;
;         4 data inputs ; 7                           ;
;                       ;                             ;
; Max LUT depth         ; 2.00                        ;
; Average LUT depth     ; 1.19                        ;
+-----------------------+-----------------------------+


+-------------------------------+
; Elapsed Time Per Partition    ;
+----------------+--------------+
; Partition Name ; Elapsed Time ;
+----------------+--------------+
; Top            ; 00:00:00     ;
+----------------+--------------+


+-------------------------------+
; Analysis & Synthesis Messages ;
+-------------------------------+
Info: *******************************************************************
Info: Running Quartus Prime Analysis & Synthesis
    Info: Version 22.1std.0 Build 915 10/25/2022 SC Lite Edition
    Info: Processing started: Sat Mar 25 23:00:34 2023
Info: Command: quartus_map --read_settings_files=on --write_settings_files=off main -c Suma_mas_FlipD
Warning (18236): Number of processors has not been specified which may cause overloading on shared machines.  Set the global assignment NUM_PARALLEL_PROCESSORS in your QSF to an appropriate value for best performance.
Info (20030): Parallel compilation is enabled and will use 16 of the 16 processors detected
Info (12021): Found 1 design units, including 1 entities, in source file /users/vivobook/documents/uniecci/semestre/semestre06/arquitectura_git/laboratorio_02/decodificador_hex.v
    Info (12023): Found entity 1: decodificador_hex File: C:/Users/Vivobook/Documents/UniEcci/Semestre/Semestre06/Arquitectura_GIT/Laboratorio_02/decodificador_hex.v Line: 1
Info (12021): Found 1 design units, including 1 entities, in source file /users/vivobook/documents/uniecci/semestre/semestre06/arquitectura_git/laboratorio_03/sumador_4bits/sumador_4bits.v
    Info (12023): Found entity 1: Sumador_4bits File: C:/Users/Vivobook/Documents/UniEcci/Semestre/Semestre06/Arquitectura_GIT/Laboratorio_03/Sumador_4bits/Sumador_4bits.v Line: 1
Info (12021): Found 1 design units, including 1 entities, in source file /users/vivobook/documents/uniecci/semestre/semestre06/arquitectura_git/laboratorio_03/flip_flop_d/flip_flop_d.v
    Info (12023): Found entity 1: Flip_Flop_D File: C:/Users/Vivobook/Documents/UniEcci/Semestre/Semestre06/Arquitectura_GIT/Laboratorio_03/Flip_Flop_D/Flip_Flop_D.v Line: 1
Info (12021): Found 1 design units, including 1 entities, in source file main.v
    Info (12023): Found entity 1: main File: C:/Users/Vivobook/Documents/UniEcci/Semestre/Semestre06/Arquitectura_GIT/Laboratorio_03/main/main.v Line: 1
Info (12127): Elaborating entity "main" for the top level hierarchy
Info (12128): Elaborating entity "Sumador_4bits" for hierarchy "Sumador_4bits:U0" File: C:/Users/Vivobook/Documents/UniEcci/Semestre/Semestre06/Arquitectura_GIT/Laboratorio_03/main/main.v Line: 46
Info (12128): Elaborating entity "Flip_Flop_D" for hierarchy "Flip_Flop_D:U1" File: C:/Users/Vivobook/Documents/UniEcci/Semestre/Semestre06/Arquitectura_GIT/Laboratorio_03/main/main.v Line: 54
Info (12128): Elaborating entity "decodificador_hex" for hierarchy "decodificador_hex:U2" File: C:/Users/Vivobook/Documents/UniEcci/Semestre/Semestre06/Arquitectura_GIT/Laboratorio_03/main/main.v Line: 69
Warning (12241): 1 hierarchies have connectivity warnings - see the Connectivity Checks report folder
Warning (13024): Output pins are stuck at VCC or GND
    Warning (13410): Pin "Aout1" is stuck at VCC File: C:/Users/Vivobook/Documents/UniEcci/Semestre/Semestre06/Arquitectura_GIT/Laboratorio_03/main/main.v Line: 15
    Warning (13410): Pin "Bout1" is stuck at GND File: C:/Users/Vivobook/Documents/UniEcci/Semestre/Semestre06/Arquitectura_GIT/Laboratorio_03/main/main.v Line: 16
    Warning (13410): Pin "Cout1" is stuck at GND File: C:/Users/Vivobook/Documents/UniEcci/Semestre/Semestre06/Arquitectura_GIT/Laboratorio_03/main/main.v Line: 17
    Warning (13410): Pin "Dout1" is stuck at GND File: C:/Users/Vivobook/Documents/UniEcci/Semestre/Semestre06/Arquitectura_GIT/Laboratorio_03/main/main.v Line: 18
    Warning (13410): Pin "Eout1" is stuck at GND File: C:/Users/Vivobook/Documents/UniEcci/Semestre/Semestre06/Arquitectura_GIT/Laboratorio_03/main/main.v Line: 19
    Warning (13410): Pin "Fout1" is stuck at GND File: C:/Users/Vivobook/Documents/UniEcci/Semestre/Semestre06/Arquitectura_GIT/Laboratorio_03/main/main.v Line: 20
    Warning (13410): Pin "Gout1" is stuck at GND File: C:/Users/Vivobook/Documents/UniEcci/Semestre/Semestre06/Arquitectura_GIT/Laboratorio_03/main/main.v Line: 21
    Warning (13410): Pin "Aout3" is stuck at VCC File: C:/Users/Vivobook/Documents/UniEcci/Semestre/Semestre06/Arquitectura_GIT/Laboratorio_03/main/main.v Line: 29
    Warning (13410): Pin "Bout3" is stuck at GND File: C:/Users/Vivobook/Documents/UniEcci/Semestre/Semestre06/Arquitectura_GIT/Laboratorio_03/main/main.v Line: 30
    Warning (13410): Pin "Cout3" is stuck at GND File: C:/Users/Vivobook/Documents/UniEcci/Semestre/Semestre06/Arquitectura_GIT/Laboratorio_03/main/main.v Line: 31
    Warning (13410): Pin "Dout3" is stuck at GND File: C:/Users/Vivobook/Documents/UniEcci/Semestre/Semestre06/Arquitectura_GIT/Laboratorio_03/main/main.v Line: 32
    Warning (13410): Pin "Eout3" is stuck at GND File: C:/Users/Vivobook/Documents/UniEcci/Semestre/Semestre06/Arquitectura_GIT/Laboratorio_03/main/main.v Line: 33
    Warning (13410): Pin "Fout3" is stuck at GND File: C:/Users/Vivobook/Documents/UniEcci/Semestre/Semestre06/Arquitectura_GIT/Laboratorio_03/main/main.v Line: 34
    Warning (13410): Pin "Gout3" is stuck at GND File: C:/Users/Vivobook/Documents/UniEcci/Semestre/Semestre06/Arquitectura_GIT/Laboratorio_03/main/main.v Line: 37
Info (286030): Timing-Driven Synthesis is running
Info (16010): Generating hard_block partition "hard_block:auto_generated_inst"
    Info (16011): Adding 0 node(s), including 0 DDIO, 0 PLL, 0 transceiver and 0 LCELL
Info (21057): Implemented 48 device resources after synthesis - the final resource count might be different
    Info (21058): Implemented 9 input pins
    Info (21059): Implemented 28 output pins
    Info (21061): Implemented 11 logic cells
Info: Quartus Prime Analysis & Synthesis was successful. 0 errors, 17 warnings
    Info: Peak virtual memory: 4781 megabytes
    Info: Processing ended: Sat Mar 25 23:00:45 2023
    Info: Elapsed time: 00:00:11
    Info: Total CPU time (on all processors): 00:00:14


